<?xml version="1.0" encoding="UTF-8"?>
<testng-results ignored="0" total="1" passed="1" failed="0" skipped="0">
  <reporter-output>
  </reporter-output>
  <suite started-at="2022-05-05T11:04:36 CDT" name="Surefire suite" finished-at="2022-05-05T11:04:36 CDT" duration-ms="127">
    <groups>
    </groups>
    <test started-at="2022-05-05T11:04:36 CDT" name="Surefire test" finished-at="2022-05-05T11:04:36 CDT" duration-ms="127">
      <class name="Java1.cucumberdatatable.AppTest">
        <test-method signature="shouldAnswerWithTrue()" started-at="2022-05-05T11:04:36 CDT" name="shouldAnswerWithTrue" finished-at="2022-05-05T11:04:36 CDT" duration-ms="8" status="PASS">
          <reporter-output>
          </reporter-output>
        </test-method> <!-- shouldAnswerWithTrue -->
      </class> <!-- Java1.cucumberdatatable.AppTest -->
    </test> <!-- Surefire test -->
  </suite> <!-- Surefire suite -->
</testng-results>
